mainActivityXPUB/build/outputs/logs/manifest-merger-debug-report.txt
-- Merging decision tree log ---
manifest
ADDED from AndroidManifest.xml:2:1
	xmlns:android
		ADDED from AndroidManifest.xml:2:11
	package
		ADDED from AndroidManifest.xml:3:5
		INJECTED from AndroidManifest.xml:0:0
		INJECTED from AndroidManifest.xml:0:0
	android:versionName
		ADDED from AndroidManifest.xml:5:5
	android:versionCode
		ADDED from AndroidManifest.xml:4:5
		INJECTED from AndroidManifest.xml:0:0
		INJECTED from AndroidManifest.xml:0:0
uses-sdk
ADDED from AndroidManifest.xml:7:5
MERGED from Test:suspensionButtonXPUB:unspecified:5:5
MERGED from Test:facebookSDK:unspecified:24:5
MERGED from com.android.support:support-v4:22.2.1:20:5
MERGED from com.android.support:support-v4:22.2.1:20:5
	android:targetSdkVersion
		ADDED from AndroidManifest.xml:7:41
		INJECTED from AndroidManifest.xml:0:0
		INJECTED from AndroidManifest.xml:0:0
	android:minSdkVersion
		ADDED from AndroidManifest.xml:7:15
		INJECTED from AndroidManifest.xml:0:0
		INJECTED from AndroidManifest.xml:0:0
uses-permission#android.permission.INTERNET
ADDED from AndroidManifest.xml:9:5
	android:name
		ADDED from AndroidManifest.xml:9:22
uses-permission#android.permission.ACCESS_NETWORK_STATE
ADDED from AndroidManifest.xml:10:5
	android:name
		ADDED from AndroidManifest.xml:10:22
uses-permission#android.permission.ACCESS_WIFI_STATE
ADDED from AndroidManifest.xml:11:5
	android:name
		ADDED from AndroidManifest.xml:11:22
uses-permission#android.permission.READ_PHONE_STATE
ADDED from AndroidManifest.xml:12:5
	android:name
		ADDED from AndroidManifest.xml:12:22
uses-permission#android.permission.ACCESS_DEVICE_STATS
ADDED from AndroidManifest.xml:13:5
	android:name
		ADDED from AndroidManifest.xml:13:22
uses-permission#android.permission.SYSTEM_ALERT_WINDOW
ADDED from AndroidManifest.xml:14:5
	android:name
		ADDED from AndroidManifest.xml:14:22
uses-permission#android.permission.WRITE_SETTINGS
ADDED from AndroidManifest.xml:15:5
	android:name
		ADDED from AndroidManifest.xml:15:22
uses-permission#android.permission.KILL_BACKGROUND_PROCESSES
ADDED from AndroidManifest.xml:16:5
	android:name
		ADDED from AndroidManifest.xml:16:22
uses-permission#android.permission.READ_LOGS
ADDED from AndroidManifest.xml:18:2
	android:name
		ADDED from AndroidManifest.xml:18:19
uses-permission#android.permission.GET_TASKS
ADDED from AndroidManifest.xml:19:2
	android:name
		ADDED from AndroidManifest.xml:19:19
application
ADDED from AndroidManifest.xml:24:5
MERGED from Test:suspensionButtonXPUB:unspecified:9:5
MERGED from Test:facebookSDK:unspecified:28:5
MERGED from com.android.support:support-v4:22.2.1:22:5
MERGED from com.android.support:support-v4:22.2.1:22:5
	android:label
		ADDED from AndroidManifest.xml:27:9
	android:allowBackup
		ADDED from AndroidManifest.xml:25:9
	android:icon
		ADDED from AndroidManifest.xml:26:9
	android:largeHeap
		ADDED from AndroidManifest.xml:28:9
	android:name
		ADDED from AndroidManifest.xml:29:3
activity#com.elex.popupdemo.MainActivity
ADDED from AndroidManifest.xml:30:9
	android:screenOrientation
		ADDED from AndroidManifest.xml:33:13
	android:label
		ADDED from AndroidManifest.xml:34:13
	android:configChanges
		ADDED from AndroidManifest.xml:32:13
	android:name
		ADDED from AndroidManifest.xml:31:13
intent-filter#android.intent.action.MAIN+android.intent.category.LAUNCHER
ADDED from AndroidManifest.xml:35:13
action#android.intent.action.MAIN
ADDED from AndroidManifest.xml:36:17
	android:name
		ADDED from AndroidManifest.xml:36:25
category#android.intent.category.LAUNCHER
ADDED from AndroidManifest.xml:37:17
	android:name
		ADDED from AndroidManifest.xml:37:27
intent-filter#android.intent.action.VIEW+android.intent.category.BROWSABLE+android.intent.category.DEFAULT
ADDED from AndroidManifest.xml:40:12
data
ADDED from AndroidManifest.xml:41:16
	android:host
		ADDED from AndroidManifest.xml:41:55
	android:scheme
		ADDED from AndroidManifest.xml:41:22
action#android.intent.action.VIEW
ADDED from AndroidManifest.xml:42:16
	android:name
		ADDED from AndroidManifest.xml:42:24
category#android.intent.category.DEFAULT
ADDED from AndroidManifest.xml:43:16
	android:name
		ADDED from AndroidManifest.xml:43:26
category#android.intent.category.BROWSABLE
ADDED from AndroidManifest.xml:44:16
	android:name
		ADDED from AndroidManifest.xml:44:26
activity#com.elex.NoticeWindowActivity
ADDED from AndroidManifest.xml:47:7
	android:screenOrientation
		ADDED from AndroidManifest.xml:51:10
	android:label
		ADDED from AndroidManifest.xml:52:10
	android:configChanges
		ADDED from AndroidManifest.xml:50:10
	android:theme
		ADDED from AndroidManifest.xml:49:10
	android:name
		ADDED from AndroidManifest.xml:48:10
activity#com.elex.ShinBoardActivity
ADDED from AndroidManifest.xml:54:7
	android:screenOrientation
		ADDED from AndroidManifest.xml:58:10
	android:label
		ADDED from AndroidManifest.xml:59:10
	android:configChanges
		ADDED from AndroidManifest.xml:57:10
	android:theme
		ADDED from AndroidManifest.xml:56:10
	android:name
		ADDED from AndroidManifest.xml:55:10
activity#com.facebook.FacebookActivity
ADDED from AndroidManifest.xml:63:9
	android:screenOrientation
		ADDED from AndroidManifest.xml:65:11
	android:label
		ADDED from AndroidManifest.xml:67:11
	android:configChanges
		ADDED from AndroidManifest.xml:66:11
	android:theme
		ADDED from AndroidManifest.xml:64:11
	android:name
		ADDED from AndroidManifest.xml:63:19
meta-data#com.facebook.sdk.ApplicationId
ADDED from AndroidManifest.xml:68:6
	android:name
		ADDED from AndroidManifest.xml:68:17
	android:value
		ADDED from AndroidManifest.xml:68:63
meta-data#com.facebook.sdk.ApplicationName
ADDED from AndroidManifest.xml:69:6
	android:name
		ADDED from AndroidManifest.xml:69:17
	android:value
		ADDED from AndroidManifest.xml:69:65
provider#com.facebook.FacebookContentProvider
ADDED from AndroidManifest.xml:70:6
	android:exported
		ADDED from AndroidManifest.xml:72:11
	android:authorities
		ADDED from AndroidManifest.xml:70:16
	android:name
		ADDED from AndroidManifest.xml:71:11
meta-data#io.branch.sdk.BranchKey
ADDED from AndroidManifest.xml:75:2
	android:name
		ADDED from AndroidManifest.xml:75:13
	android:value
		ADDED from AndroidManifest.xml:75:52
meta-data#TESTIN_APPKEY
ADDED from AndroidManifest.xml:77:6
	android:name
		ADDED from AndroidManifest.xml:77:17
	android:value
		ADDED from AndroidManifest.xml:77:46